TN:
SF:script/DeployPiecesMarket.s.sol
FN:11,DeployPiecesMarket.run
FNDA:15,DeployPiecesMarket.run
DA:12,15
DA:14,15
DA:15,15
DA:16,15
DA:17,15
DA:19,15
DA:20,15
DA:21,15
DA:23,15
DA:24,15
DA:25,15
DA:27,15
FNF:1
FNH:1
LF:12
LH:12
BRF:0
BRH:0
end_of_record
TN:
SF:script/MakeContractsAlive.s.sol
FN:21,MakeContractsAlive.run
FNDA:0,MakeContractsAlive.run
DA:22,0
DA:24,0
DA:26,0
DA:27,0
FNF:1
FNH:0
LF:4
LH:0
BRF:0
BRH:0
end_of_record
TN:
SF:src/Asset.sol
FN:18,Asset.
FNDA:63,Asset.
DA:19,63
FN:23,Asset._baseURI
FNDA:2,Asset._baseURI
DA:24,2
FN:28,Asset.tokenURI
FNDA:3,Asset.tokenURI
DA:29,3
BRDA:29,0,0,1
DA:31,2
FN:37,Asset.totalMinted
FNDA:23,Asset.totalMinted
DA:38,23
FN:44,Asset.safeBatchMint
FNDA:61,Asset.safeBatchMint
DA:45,61
FN:50,Asset.batchBurn
FNDA:9,Asset.batchBurn
DA:51,9
DA:53,9
FN:57,Asset.safeBatchTransferFrom
FNDA:1,Asset.safeBatchTransferFrom
DA:58,1
FN:65,Asset._afterTokenTransfers
FNDA:81,Asset._afterTokenTransfers
DA:66,81
DA:67,81
BRDA:67,1,0,72
FN:77,Asset.supportsInterface
FNDA:2,Asset.supportsInterface
DA:78,2
FN:87,Asset.clock
FNDA:23,Asset.clock
DA:88,224
FN:93,Asset.CLOCK_MODE
FNDA:2,Asset.CLOCK_MODE
DA:95,2
BRDA:95,2,0,-
DA:97,2
FNF:11
FNH:11
LF:15
LH:15
BRF:3
BRH:2
end_of_record
TN:
SF:src/Auctioner.sol
FN:46,Auctioner.
FNDA:44,Auctioner.
DA:47,44
DA:48,44
FN:62,Auctioner.create
FNDA:72,Auctioner.create
DA:73,71
DA:74,71
DA:75,6
BRDA:75,0,0,6
DA:76,65
BRDA:76,1,0,2
DA:77,63
BRDA:77,2,0,1
DA:80,62
DA:82,62
DA:83,62
DA:84,62
DA:85,62
DA:86,62
DA:87,62
DA:88,62
DA:90,62
BRDA:90,3,0,6
BRDA:90,3,1,56
DA:91,6
DA:93,6
DA:95,56
DA:98,62
DA:100,62
DA:101,62
DA:103,62
FN:107,Auctioner.buy
FNDA:67,Auctioner.buy
DA:108,67
BRDA:108,4,0,1
DA:109,66
DA:110,66
BRDA:110,5,0,1
DA:111,65
BRDA:111,6,0,1
DA:113,64
BRDA:113,7,0,1
DA:114,63
BRDA:114,8,0,2
DA:116,61
DA:119,61
DA:121,60
DA:124,60
BRDA:124,9,0,8
DA:125,8
DA:127,8
DA:130,8
DA:132,8
DA:133,8
BRDA:133,10,0,-
DA:135,8
FN:140,Auctioner.propose
FNDA:11,Auctioner.propose
DA:141,11
BRDA:141,11,0,-
DA:142,11
DA:143,11
BRDA:143,12,0,-
DA:147,11
DA:149,11
BRDA:149,13,0,7
BRDA:149,13,1,3
DA:150,0
BRDA:150,14,0,-
DA:151,7
BRDA:151,15,0,-
DA:153,7
DA:154,7
DA:155,7
DA:156,7
DA:158,4
BRDA:158,16,0,1
DA:159,0
BRDA:159,17,0,-
DA:160,3
BRDA:160,18,0,-
DA:161,3
BRDA:161,19,0,-
DA:163,3
DA:164,3
DA:167,10
DA:168,10
BRDA:168,20,0,-
DA:171,10
FN:176,Auctioner.buyout
FNDA:0,Auctioner.buyout
DA:177,0
BRDA:177,21,0,-
DA:178,0
DA:180,0
DA:182,0
DA:183,0
FN:188,Auctioner.descript
FNDA:1,Auctioner.descript
DA:189,1
BRDA:189,22,0,-
DA:190,1
DA:192,1
DA:194,1
FN:199,Auctioner.reject
FNDA:5,Auctioner.reject
DA:200,5
BRDA:200,23,0,-
DA:201,5
DA:203,5
BRDA:203,24,0,4
BRDA:203,24,1,1
DA:204,4
DA:205,4
DA:207,1
DA:210,5
FN:214,Auctioner.withdraw
FNDA:3,Auctioner.withdraw
DA:215,3
BRDA:215,25,0,-
DA:216,3
DA:217,3
BRDA:217,26,0,1
DA:219,2
DA:221,2
BRDA:221,27,0,2
BRDA:221,27,1,-
DA:222,2
DA:224,0
DA:227,2
DA:228,2
BRDA:228,28,0,-
DA:230,2
FN:234,Auctioner.refund
FNDA:5,Auctioner.refund
DA:235,5
BRDA:235,29,0,-
DA:236,5
DA:237,5
BRDA:237,30,0,-
DA:239,5
DA:240,5
DA:242,5
BRDA:242,31,0,5
BRDA:242,31,1,5
DA:243,5
DA:245,0
DA:248,5
DA:250,5
BRDA:250,32,0,-
DA:252,5
FN:260,Auctioner.fulfill
FNDA:3,Auctioner.fulfill
DA:261,3
BRDA:261,33,0,-
DA:263,3
BRDA:263,34,0,-
DA:264,3
DA:265,3
BRDA:265,35,0,-
DA:266,3
BRDA:266,36,0,1
DA:268,2
DA:269,2
DA:270,2
DA:272,2
DA:273,2
FN:277,Auctioner.claim
FNDA:4,Auctioner.claim
DA:278,4
BRDA:278,37,0,-
DA:279,4
DA:280,4
BRDA:280,38,0,-
DA:282,4
DA:283,4
DA:284,4
BRDA:284,39,0,-
DA:285,4
DA:287,4
DA:290,4
BRDA:290,40,0,4
BRDA:290,40,1,4
DA:291,4
DA:293,0
DA:296,4
DA:298,4
BRDA:298,41,0,-
DA:300,4
DA:302,4
BRDA:302,42,0,1
DA:303,1
DA:305,1
FN:315,Auctioner.checker
FNDA:10,Auctioner.checker
DA:318,10
DA:322,10
BRDA:322,43,0,10
DA:323,10
DA:324,15
DA:325,15
DA:328,15
DA:330,2
BRDA:330,44,0,2
DA:331,2
DA:336,8
FN:339,Auctioner.exec
FNDA:1,Auctioner.exec
DA:340,1
DA:341,1
DA:342,1
DA:344,1
BRDA:344,45,0,-
DA:345,0
DA:347,0
DA:350,1
BRDA:350,46,0,1
DA:351,1
DA:353,1
DA:356,1
DA:357,1
DA:362,1
DA:366,0
FN:371,Auctioner.getUnprocessedAuctions
FNDA:2,Auctioner.getUnprocessedAuctions
DA:372,2
FN:380,Auctioner.getTokens
FNDA:0,Auctioner.getTokens
DA:381,0
DA:383,0
FN:387,Auctioner.getData
FNDA:0,Auctioner.getData
DA:388,0
DA:390,0
FN:393,Auctioner.getProposals
FNDA:2,Auctioner.getProposals
DA:394,2
DA:396,2
FN:400,Auctioner.errorHack
FNDA:0,Auctioner.errorHack
DA:409,0
BRDA:409,47,0,-
DA:410,0
BRDA:410,48,0,-
DA:411,0
BRDA:411,49,0,-
DA:412,0
BRDA:412,50,0,-
DA:413,0
BRDA:413,51,0,-
DA:414,0
BRDA:414,52,0,-
DA:415,0
BRDA:415,53,0,-
DA:416,0
BRDA:416,54,0,-
DA:417,0
BRDA:417,55,0,-
DA:418,0
BRDA:418,56,0,-
DA:419,0
BRDA:419,57,0,-
DA:420,0
BRDA:420,58,0,-
DA:421,0
BRDA:421,59,0,-
DA:422,0
BRDA:422,60,0,-
DA:423,0
BRDA:423,61,0,-
DA:424,0
BRDA:424,62,0,-
DA:425,0
BRDA:425,63,0,-
DA:426,0
BRDA:426,64,0,-
FN:430,Auctioner.stateHack
FNDA:8,Auctioner.stateHack
DA:431,8
DA:441,8
FN:445,Auctioner.eventHack
FNDA:0,Auctioner.eventHack
DA:451,0
BRDA:451,65,0,-
DA:452,0
BRDA:452,66,0,-
DA:453,0
BRDA:453,67,0,-
DA:454,0
BRDA:454,68,0,-
DA:455,0
BRDA:455,69,0,-
DA:456,0
BRDA:456,70,0,-
DA:457,0
BRDA:457,71,0,-
DA:458,0
BRDA:458,72,0,-
DA:459,0
BRDA:459,73,0,-
DA:460,0
BRDA:460,74,0,-
FNF:20
FNH:15
LF:182
LH:137
BRF:81
BRH:27
end_of_record
TN:
SF:src/Governor.sol
FN:36,Governor.
FNDA:38,Governor.
FN:44,Governor.propose
FNDA:27,Governor.propose
DA:45,26
DA:48,26
DA:49,26
DA:50,26
DA:51,26
DA:52,26
DA:53,26
DA:54,26
DA:56,26
DA:57,26
BRDA:57,0,0,7
DA:59,26
DA:60,26
DA:62,26
DA:63,26
DA:66,26
FN:70,Governor.castVote
FNDA:14,Governor.castVote
DA:71,14
BRDA:71,1,0,-
DA:72,14
DA:73,14
BRDA:73,2,0,-
DA:74,14
BRDA:74,3,0,1
DA:76,13
DA:77,13
BRDA:77,4,0,3
DA:79,10
BRDA:79,5,0,6
BRDA:79,5,1,4
DA:80,6
DA:82,4
DA:85,10
DA:87,10
FN:90,Governor.checker
FNDA:1,Governor.checker
DA:91,1
DA:93,1
BRDA:93,6,0,1
DA:94,1
DA:95,1
BRDA:95,7,0,1
DA:96,1
DA:100,0
FN:103,Governor.exec
FNDA:3,Governor.exec
DA:104,3
DA:105,4
DA:106,4
DA:108,4
BRDA:108,8,0,4
DA:110,4
DA:112,1
BRDA:112,9,0,1
BRDA:109,9,1,3
DA:113,1
DA:114,1
DA:115,1
BRDA:115,10,0,-
DA:117,1
DA:119,3
DA:121,3
DA:123,3
DA:127,4
DA:128,4
DA:131,4
DA:134,4
DA:138,0
FN:143,Governor.getUnprocessed
FNDA:3,Governor.getUnprocessed
DA:144,3
FN:147,Governor.getProposalData
FNDA:0,Governor.getProposalData
DA:148,0
DA:150,0
FN:166,Governor.getVotes
FNDA:0,Governor.getVotes
DA:167,0
FN:171,Governor.votingPeriod
FNDA:0,Governor.votingPeriod
DA:172,0
DA:174,0
FN:178,Governor.proposalVotes
FNDA:4,Governor.proposalVotes
DA:179,4
DA:181,4
FN:185,Governor.totalVotes
FNDA:0,Governor.totalVotes
DA:186,0
DA:188,0
FNF:11
FNH:7
LF:60
LH:51
BRF:13
BRH:10
end_of_record
TN:
SF:src/Vlayer.sol
FN:44,Vlayer.
FNDA:0,Vlayer.
DA:45,0
DA:46,0
DA:47,0
FN:53,Vlayer.vlayer
FNDA:0,Vlayer.vlayer
DA:54,0
BRDA:54,0,0,-
DA:55,0
BRDA:55,1,0,-
DA:56,0
DA:57,0
BRDA:57,2,0,-
DA:60,0
DA:61,0
DA:63,0
FN:67,Vlayer.fulfill
FNDA:0,Vlayer.fulfill
DA:68,0
BRDA:68,3,0,-
DA:69,0
DA:71,0
BRDA:71,4,0,-
DA:72,0
BRDA:72,5,0,-
DA:73,0
BRDA:73,6,0,-
DA:75,0
DA:77,0
FNF:3
FNH:0
LF:17
LH:0
BRF:7
BRH:0
end_of_record
TN:
SF:src/extensions/ERC721AVotes.sol
FN:10,ERC721AVotes._afterTokenTransfers
FNDA:81,ERC721AVotes._afterTokenTransfers
DA:11,81
DA:12,81
FN:16,ERC721AVotes._getVotingUnits
FNDA:72,ERC721AVotes._getVotingUnits
DA:17,72
FNF:2
FNH:2
LF:3
LH:3
BRF:0
BRH:0
end_of_record
