TN:
SF:script/DeployPiecesMarket.s.sol
FN:11,DeployPiecesMarket.run
FNDA:0,DeployPiecesMarket.run
DA:12,0
DA:12,0
DA:12,0
DA:14,0
DA:14,0
DA:15,0
DA:15,0
DA:15,0
DA:16,0
DA:16,0
DA:17,0
DA:17,0
DA:19,0
DA:19,0
DA:19,0
DA:20,0
DA:20,0
DA:21,0
DA:21,0
DA:23,0
DA:23,0
DA:24,0
DA:24,0
DA:25,0
DA:25,0
FNF:1
FNH:0
LF:11
LH:0
BRF:0
BRH:0
end_of_record
TN:
SF:script/MakeContractsAlive.s.sol
FN:21,MakeContractsAlive.run
FNDA:0,MakeContractsAlive.run
DA:22,0
DA:22,0
DA:22,0
DA:24,0
DA:24,0
DA:26,0
DA:26,0
DA:27,0
DA:27,0
FNF:1
FNH:0
LF:4
LH:0
BRF:0
BRH:0
end_of_record
TN:
SF:src/Asset.sol
FN:18,Asset.
FNDA:33,Asset.
DA:19,22
DA:19,22
FN:23,Asset._baseURI
FNDA:2,Asset._baseURI
DA:24,2
DA:24,2
FN:28,Asset.tokenURI
FNDA:3,Asset.tokenURI
DA:29,3
DA:29,3
BRDA:29,0,0,1
BRDA:29,0,1,2
DA:29,1
DA:31,2
DA:31,2
DA:31,2
FN:37,Asset.totalMinted
FNDA:21,Asset.totalMinted
DA:38,21
DA:38,21
DA:38,21
FN:44,Asset.safeBatchMint
FNDA:51,Asset.safeBatchMint
DA:45,51
DA:45,51
FN:50,Asset.batchBurn
FNDA:9,Asset.batchBurn
DA:51,9
DA:51,9
DA:51,9
DA:53,9
DA:53,9
FN:57,Asset.safeBatchTransferFrom
FNDA:1,Asset.safeBatchTransferFrom
DA:58,1
DA:58,1
FN:65,Asset._afterTokenTransfers
FNDA:72,Asset._afterTokenTransfers
DA:66,72
DA:66,72
DA:67,72
DA:67,72
DA:67,72
BRDA:67,1,0,63
BRDA:67,1,1,72
DA:67,63
FN:77,Asset.supportsInterface
FNDA:2,Asset.supportsInterface
DA:78,2
DA:78,2
DA:78,2
DA:78,2
DA:78,1
FN:87,Asset.clock
FNDA:23,Asset.clock
DA:88,205
DA:88,205
DA:88,205
FN:93,Asset.CLOCK_MODE
FNDA:1,Asset.CLOCK_MODE
DA:95,1
DA:95,1
DA:95,1
DA:95,1
BRDA:95,2,0,-
BRDA:95,2,1,1
DA:95,0
DA:97,1
DA:97,1
FNF:11
FNH:11
LF:15
LH:15
BRF:6
BRH:5
end_of_record
TN:
SF:src/Auctioner.sol
FN:46,Auctioner.
FNDA:4,Auctioner.
DA:47,5
DA:47,5
DA:48,5
DA:48,5
FN:62,Auctioner.create
FNDA:58,Auctioner.create
DA:73,58
DA:73,58
DA:74,58
DA:74,58
DA:74,58
DA:74,58
DA:74,58
DA:74,58
BRDA:74,0,0,-
BRDA:74,0,1,58
DA:74,0
DA:75,58
DA:75,58
DA:75,58
DA:75,58
BRDA:75,1,0,-
BRDA:75,1,1,58
DA:75,0
DA:77,58
DA:77,58
DA:77,58
BRDA:77,2,0,-
BRDA:77,2,1,58
DA:77,0
DA:78,58
DA:78,58
BRDA:78,3,0,-
BRDA:78,3,1,58
DA:78,0
DA:81,58
DA:81,58
DA:81,58
DA:83,58
DA:83,58
DA:84,58
DA:84,58
DA:85,58
DA:85,58
DA:86,58
DA:86,58
DA:87,58
DA:87,58
DA:88,58
DA:88,58
DA:89,58
DA:89,58
DA:91,58
DA:91,58
BRDA:91,4,0,-
BRDA:91,4,1,6
DA:92,6
DA:92,6
DA:94,6
DA:94,6
DA:96,52
DA:96,52
DA:99,58
DA:99,58
DA:101,58
DA:101,58
DA:102,58
DA:102,58
DA:104,58
DA:104,58
FN:108,Auctioner.buy
FNDA:51,Auctioner.buy
DA:109,51
DA:109,51
BRDA:109,5,0,-
BRDA:109,5,1,51
DA:109,0
DA:110,51
DA:110,51
DA:111,51
DA:111,51
BRDA:111,6,0,-
BRDA:111,6,1,51
DA:111,0
DA:113,51
DA:113,51
BRDA:113,7,0,-
BRDA:113,7,1,51
DA:113,0
DA:115,51
DA:115,51
BRDA:115,8,0,-
BRDA:115,8,1,51
DA:115,0
DA:117,51
DA:117,51
DA:117,51
DA:119,51
DA:119,51
BRDA:119,9,0,-
BRDA:119,9,1,51
DA:119,0
DA:121,51
DA:121,51
DA:124,51
DA:124,51
DA:126,51
DA:126,51
DA:129,51
DA:129,51
BRDA:129,10,0,-
BRDA:129,10,1,6
DA:130,6
DA:130,6
DA:132,6
DA:132,6
DA:135,6
DA:135,6
DA:135,6
DA:135,6
DA:137,6
DA:137,6
DA:137,6
DA:138,6
DA:138,6
BRDA:138,11,0,-
BRDA:138,11,1,6
DA:138,0
DA:140,6
DA:140,6
FN:145,Auctioner.propose
FNDA:11,Auctioner.propose
DA:146,11
DA:146,11
BRDA:146,12,0,-
BRDA:146,12,1,11
DA:146,0
DA:147,11
DA:147,11
DA:148,11
DA:148,11
BRDA:148,13,0,-
BRDA:148,13,1,11
DA:148,0
DA:152,11
DA:152,11
DA:154,11
DA:154,11
BRDA:154,14,0,-
BRDA:154,14,1,7
DA:155,7
BRDA:155,15,0,-
BRDA:155,15,1,7
DA:155,0
DA:156,7
DA:156,7
BRDA:156,16,0,-
BRDA:156,16,1,7
DA:156,0
DA:158,7
DA:158,7
DA:159,7
DA:159,7
DA:160,7
DA:160,7
DA:161,7
DA:161,7
DA:163,4
DA:163,4
BRDA:163,17,0,1
BRDA:163,17,1,3
DA:163,1
DA:164,3
BRDA:164,18,0,-
BRDA:164,18,1,3
DA:164,0
DA:165,3
DA:165,3
BRDA:165,19,0,-
BRDA:165,19,1,3
DA:165,0
DA:166,3
DA:166,3
DA:166,3
DA:166,3
BRDA:166,20,0,-
BRDA:166,20,1,3
DA:166,0
DA:168,3
DA:168,3
DA:169,3
DA:169,3
DA:172,10
DA:172,10
DA:172,10
DA:173,10
DA:173,10
BRDA:173,21,0,-
BRDA:173,21,1,10
DA:173,0
DA:176,10
DA:176,10
FN:181,Auctioner.buyout
FNDA:0,Auctioner.buyout
DA:182,0
DA:182,0
DA:182,0
BRDA:182,22,0,-
BRDA:182,22,1,-
DA:182,0
DA:183,0
DA:183,0
DA:185,0
DA:185,0
DA:187,0
DA:187,0
DA:188,0
DA:188,0
FN:193,Auctioner.descript
FNDA:1,Auctioner.descript
DA:194,1
DA:194,1
DA:194,1
BRDA:194,23,0,-
BRDA:194,23,1,1
DA:194,0
DA:195,1
DA:195,1
DA:197,1
DA:197,1
DA:199,1
DA:199,1
FN:204,Auctioner.reject
FNDA:5,Auctioner.reject
DA:205,5
DA:205,5
DA:205,5
BRDA:205,24,0,-
BRDA:205,24,1,5
DA:205,0
DA:206,5
DA:206,5
DA:208,5
DA:208,5
DA:208,5
DA:208,5
BRDA:208,25,0,4
BRDA:208,25,1,1
DA:209,4
DA:209,4
DA:210,4
DA:210,4
DA:212,1
DA:212,1
DA:215,5
DA:215,5
FN:219,Auctioner.withdraw
FNDA:3,Auctioner.withdraw
DA:220,3
DA:220,3
BRDA:220,26,0,-
BRDA:220,26,1,3
DA:220,0
DA:221,3
DA:221,3
DA:222,3
DA:222,3
BRDA:222,27,0,1
BRDA:222,27,1,2
DA:222,1
DA:224,2
DA:224,2
DA:226,2
DA:226,2
BRDA:226,28,0,2
BRDA:226,28,1,-
DA:227,2
DA:227,2
DA:229,0
DA:229,0
DA:232,2
DA:232,2
DA:232,2
DA:233,2
DA:233,2
BRDA:233,29,0,-
BRDA:233,29,1,2
DA:233,0
DA:235,2
DA:235,2
FN:239,Auctioner.refund
FNDA:5,Auctioner.refund
DA:240,5
DA:240,5
BRDA:240,30,0,-
BRDA:240,30,1,5
DA:240,0
DA:241,5
DA:241,5
DA:242,5
DA:242,5
BRDA:242,31,0,-
BRDA:242,31,1,5
DA:242,0
DA:244,5
DA:244,5
DA:244,5
DA:245,5
DA:245,5
DA:245,5
DA:247,5
DA:247,5
BRDA:247,32,0,-
BRDA:247,32,1,5
DA:248,5
DA:248,5
DA:250,0
DA:250,0
DA:253,5
DA:253,5
DA:253,5
DA:255,5
DA:255,5
BRDA:255,33,0,-
BRDA:255,33,1,5
DA:255,0
DA:257,5
DA:257,5
FN:265,Auctioner.fulfill
FNDA:3,Auctioner.fulfill
DA:266,3
DA:266,3
BRDA:266,34,0,-
BRDA:266,34,1,3
DA:266,0
DA:268,3
DA:268,3
DA:268,3
BRDA:268,35,0,-
BRDA:268,35,1,3
DA:268,0
DA:269,3
DA:269,3
DA:270,3
DA:270,3
BRDA:270,36,0,-
BRDA:270,36,1,3
DA:270,0
DA:271,3
DA:271,3
BRDA:271,37,0,1
BRDA:271,37,1,2
DA:271,1
DA:273,2
DA:273,2
DA:274,2
DA:274,2
DA:275,2
DA:275,2
DA:277,2
DA:277,2
DA:278,2
DA:278,2
FN:282,Auctioner.claim
FNDA:4,Auctioner.claim
DA:283,4
DA:283,4
BRDA:283,38,0,-
BRDA:283,38,1,4
DA:283,0
DA:284,4
DA:284,4
DA:285,4
DA:285,4
BRDA:285,39,0,-
BRDA:285,39,1,4
DA:285,0
DA:287,4
DA:287,4
DA:288,4
DA:288,4
DA:288,4
DA:289,4
DA:289,4
BRDA:289,40,0,-
BRDA:289,40,1,4
DA:289,0
DA:290,4
DA:290,4
DA:290,4
DA:292,4
DA:292,4
DA:292,4
DA:295,4
DA:295,4
BRDA:295,41,0,-
BRDA:295,41,1,4
DA:296,4
DA:296,4
DA:298,0
DA:298,0
DA:301,4
DA:301,4
DA:301,4
DA:303,4
DA:303,4
BRDA:303,42,0,-
BRDA:303,42,1,4
DA:303,0
DA:305,4
DA:305,4
DA:307,4
DA:307,4
DA:307,4
BRDA:307,43,0,-
BRDA:307,43,1,1
DA:308,1
DA:308,1
DA:310,1
DA:310,1
FN:320,Auctioner.checker
FNDA:9,Auctioner.checker
DA:323,9
DA:323,9
DA:327,9
DA:327,9
BRDA:327,44,0,2
BRDA:327,44,1,12
DA:328,9
DA:328,9
DA:328,21
DA:328,12
DA:329,14
DA:329,14
DA:330,14
DA:330,14
DA:333,14
DA:333,14
BRDA:332,45,0,2
BRDA:332,45,1,12
DA:336,2
DA:336,2
DA:341,7
DA:341,7
FN:344,Auctioner.exec
FNDA:1,Auctioner.exec
DA:345,1
DA:345,1
DA:345,2
DA:346,1
DA:346,1
DA:347,1
DA:347,1
DA:349,1
DA:349,1
DA:349,1
DA:349,0
BRDA:349,46,0,-
BRDA:349,46,1,-
DA:350,0
DA:350,0
DA:352,0
DA:352,0
DA:355,1
DA:355,1
DA:355,1
DA:355,1
BRDA:355,47,0,-
BRDA:355,47,1,1
DA:356,1
DA:356,1
DA:358,1
DA:358,1
DA:361,1
DA:361,1
DA:362,1
DA:362,1
DA:367,1
DA:367,1
DA:371,0
DA:371,0
FN:376,Auctioner.getUnprocessedAuctions
FNDA:2,Auctioner.getUnprocessedAuctions
DA:377,2
DA:377,2
FN:385,Auctioner.getTokens
FNDA:0,Auctioner.getTokens
DA:386,0
DA:386,0
DA:388,0
DA:388,0
DA:388,0
FN:392,Auctioner.getData
FNDA:0,Auctioner.getData
DA:393,0
DA:393,0
DA:395,0
DA:395,0
FN:398,Auctioner.getProposals
FNDA:2,Auctioner.getProposals
DA:399,2
DA:399,2
DA:401,2
DA:401,2
FN:405,Auctioner.errorHack
FNDA:0,Auctioner.errorHack
DA:414,0
DA:414,0
BRDA:414,48,0,-
BRDA:414,48,1,-
DA:414,0
DA:415,0
DA:415,0
BRDA:415,49,0,-
BRDA:415,49,1,-
DA:415,0
DA:416,0
DA:416,0
BRDA:416,50,0,-
BRDA:416,50,1,-
DA:416,0
DA:417,0
DA:417,0
BRDA:417,51,0,-
BRDA:417,51,1,-
DA:417,0
DA:418,0
DA:418,0
BRDA:418,52,0,-
BRDA:418,52,1,-
DA:418,0
DA:419,0
DA:419,0
BRDA:419,53,0,-
BRDA:419,53,1,-
DA:419,0
DA:420,0
DA:420,0
BRDA:420,54,0,-
BRDA:420,54,1,-
DA:420,0
DA:421,0
DA:421,0
BRDA:421,55,0,-
BRDA:421,55,1,-
DA:421,0
DA:422,0
DA:422,0
BRDA:422,56,0,-
BRDA:422,56,1,-
DA:422,0
DA:423,0
DA:423,0
BRDA:423,57,0,-
BRDA:423,57,1,-
DA:423,0
DA:424,0
DA:424,0
BRDA:424,58,0,-
BRDA:424,58,1,-
DA:424,0
DA:425,0
DA:425,0
BRDA:425,59,0,-
BRDA:425,59,1,-
DA:425,0
DA:426,0
DA:426,0
BRDA:426,60,0,-
BRDA:426,60,1,-
DA:426,0
DA:427,0
DA:427,0
BRDA:427,61,0,-
BRDA:427,61,1,-
DA:427,0
DA:428,0
DA:428,0
BRDA:428,62,0,-
BRDA:428,62,1,-
DA:428,0
DA:429,0
DA:429,0
BRDA:429,63,0,-
BRDA:429,63,1,-
DA:429,0
DA:430,0
DA:430,0
BRDA:430,64,0,-
BRDA:430,64,1,-
DA:430,0
DA:431,0
DA:431,0
BRDA:431,65,0,-
BRDA:431,65,1,-
DA:431,0
DA:432,0
DA:432,0
BRDA:432,66,0,-
BRDA:432,66,1,-
DA:432,0
FN:436,Auctioner.stateHack
FNDA:8,Auctioner.stateHack
DA:437,8
DA:437,8
DA:447,8
DA:447,8
FN:451,Auctioner.eventHack
FNDA:0,Auctioner.eventHack
DA:457,0
DA:457,0
BRDA:457,67,0,-
BRDA:457,67,1,-
DA:457,0
DA:458,0
DA:458,0
BRDA:458,68,0,-
BRDA:458,68,1,-
DA:458,0
DA:459,0
DA:459,0
BRDA:459,69,0,-
BRDA:459,69,1,-
DA:459,0
DA:460,0
DA:460,0
BRDA:460,70,0,-
BRDA:460,70,1,-
DA:460,0
DA:461,0
DA:461,0
BRDA:461,71,0,-
BRDA:461,71,1,-
DA:461,0
DA:462,0
DA:462,0
BRDA:462,72,0,-
BRDA:462,72,1,-
DA:462,0
DA:463,0
DA:463,0
BRDA:463,73,0,-
BRDA:463,73,1,-
DA:463,0
DA:464,0
DA:464,0
BRDA:464,74,0,-
BRDA:464,74,1,-
DA:464,0
DA:465,0
DA:465,0
BRDA:465,75,0,-
BRDA:465,75,1,-
DA:465,0
DA:466,0
DA:466,0
BRDA:466,76,0,-
BRDA:466,76,1,-
DA:466,0
FNF:20
FNH:15
LF:183
LH:139
BRF:154
BRH:52
end_of_record
TN:
SF:src/Governor.sol
FN:36,Governor.
FNDA:89,Governor.
FN:44,Governor.propose
FNDA:27,Governor.propose
DA:45,26
DA:45,26
DA:48,26
DA:48,26
DA:49,26
DA:49,26
DA:50,26
DA:50,26
DA:51,26
DA:51,26
DA:52,26
DA:52,26
DA:53,26
DA:53,26
DA:54,26
DA:54,26
DA:56,26
DA:56,26
DA:57,26
DA:57,26
DA:57,26
DA:57,26
BRDA:57,0,0,7
BRDA:57,0,1,26
DA:57,7
DA:59,26
DA:59,26
DA:60,26
DA:60,26
DA:62,26
DA:62,26
DA:63,26
DA:63,26
DA:66,26
DA:66,26
FN:70,Governor.castVote
FNDA:14,Governor.castVote
DA:71,14
DA:71,14
BRDA:71,1,0,-
BRDA:71,1,1,14
DA:71,0
DA:72,14
DA:72,14
DA:73,14
DA:73,14
BRDA:73,2,0,-
BRDA:73,2,1,14
DA:73,0
DA:74,14
DA:74,14
BRDA:74,3,0,1
BRDA:74,3,1,13
DA:74,1
DA:76,13
DA:76,13
DA:76,13
DA:77,13
DA:77,13
BRDA:77,4,0,3
BRDA:77,4,1,10
DA:77,3
DA:79,10
DA:79,10
BRDA:79,5,0,6
BRDA:79,5,1,4
DA:80,6
DA:80,6
DA:82,4
DA:82,4
DA:85,10
DA:85,10
DA:87,10
DA:87,10
FN:90,Governor.checker
FNDA:1,Governor.checker
DA:91,1
DA:91,1
DA:93,1
DA:93,1
BRDA:93,6,0,1
BRDA:93,6,1,-
DA:94,1
DA:94,1
DA:95,1
DA:95,1
BRDA:95,7,0,1
BRDA:95,7,1,-
DA:96,1
DA:96,1
DA:100,0
DA:100,0
FN:103,Governor.exec
FNDA:3,Governor.exec
DA:104,3
DA:104,3
DA:104,7
DA:105,4
DA:105,4
DA:106,4
DA:106,4
DA:108,4
DA:108,4
BRDA:108,8,0,-
BRDA:108,8,1,4
DA:110,4
DA:110,4
BRDA:109,9,0,-
BRDA:109,9,1,1
DA:113,1
DA:113,1
DA:114,1
DA:114,1
DA:114,1
DA:115,1
DA:115,1
BRDA:115,10,0,-
BRDA:115,10,1,1
DA:115,0
DA:117,1
DA:117,1
DA:119,3
DA:119,3
DA:121,3
DA:121,3
DA:123,3
DA:123,3
DA:127,4
DA:127,4
DA:128,4
DA:128,4
DA:131,4
DA:131,4
DA:134,4
DA:134,4
DA:138,0
DA:138,0
FN:143,Governor.getUnprocessed
FNDA:3,Governor.getUnprocessed
DA:144,3
DA:144,3
FN:147,Governor.getProposalData
FNDA:0,Governor.getProposalData
DA:148,0
DA:148,0
DA:150,0
DA:150,0
FN:166,Governor.getVotes
FNDA:0,Governor.getVotes
DA:167,0
DA:167,0
DA:167,0
FN:171,Governor.votingPeriod
FNDA:0,Governor.votingPeriod
DA:172,0
DA:172,0
DA:174,0
DA:174,0
DA:174,0
FN:178,Governor.proposalVotes
FNDA:4,Governor.proposalVotes
DA:179,4
DA:179,4
DA:181,4
DA:181,4
FN:185,Governor.totalVotes
FNDA:0,Governor.totalVotes
DA:186,0
DA:186,0
DA:188,0
DA:188,0
DA:188,0
FNF:11
FNH:7
LF:59
LH:50
BRF:22
BRH:15
end_of_record
TN:
SF:src/Vlayer.sol
FN:44,Vlayer.
FNDA:0,Vlayer.
DA:45,0
DA:45,0
DA:46,0
DA:46,0
DA:47,0
DA:47,0
FN:53,Vlayer.vlayer
FNDA:0,Vlayer.vlayer
DA:54,0
DA:54,0
BRDA:54,0,0,-
BRDA:54,0,1,-
DA:54,0
DA:55,0
DA:55,0
BRDA:55,1,0,-
BRDA:55,1,1,-
DA:55,0
DA:56,0
DA:56,0
DA:57,0
DA:57,0
BRDA:57,2,0,-
BRDA:57,2,1,-
DA:57,0
DA:60,0
DA:60,0
DA:61,0
DA:61,0
DA:63,0
DA:63,0
FN:67,Vlayer.fulfill
FNDA:0,Vlayer.fulfill
DA:68,0
DA:68,0
BRDA:68,3,0,-
BRDA:68,3,1,-
DA:68,0
DA:69,0
DA:69,0
DA:71,0
DA:71,0
BRDA:71,4,0,-
BRDA:71,4,1,-
DA:71,0
DA:72,0
DA:72,0
BRDA:72,5,0,-
BRDA:72,5,1,-
DA:72,0
DA:73,0
DA:73,0
BRDA:73,6,0,-
BRDA:73,6,1,-
DA:73,0
DA:75,0
DA:75,0
DA:77,0
DA:77,0
FNF:3
FNH:0
LF:17
LH:0
BRF:14
BRH:0
end_of_record
TN:
SF:src/extensions/ERC721AVotes.sol
FN:10,ERC721AVotes._afterTokenTransfers
FNDA:72,ERC721AVotes._afterTokenTransfers
DA:11,72
DA:11,72
DA:12,72
DA:12,72
FN:16,ERC721AVotes._getVotingUnits
FNDA:63,ERC721AVotes._getVotingUnits
DA:17,63
DA:17,63
DA:17,63
FNF:2
FNH:2
LF:3
LH:3
BRF:0
BRH:0
end_of_record
